http://chongqing.11467.com 1
http://www.cqgs12315.cn 2
http://www.miit.gov.cn 3
http://finance.sina.com.cn/ 4
http://business.sohu.com/ 5
http://news.qiye.gov.cn 6
http://www.cqgs12315.cn 7
http://www.11467.com 8
http://www.miit.gov.cn/n1146322/n4459324/index.html 9
http://news.qiye.gov.cn/ 10
http://b2b.11467.com/ 11
http://www.11467.com/dir.html 12
http://finance.sina.com.cn/ 13
http://miit.gov.cn/n1146322/n1147103/c4508890/content.html 14
http://www.11467.com/shanghai/ 15
http://news.sohu.com/ 16
http://v2.sohu.com 17
http://www.sina.com.cn/ 18
http://me.qiye.gov.cn/ 19
http://finance.sina.cn/ 20
http://sports.sohu.com/ 21
http://finance.sina.com.cn/mobile/comfinanceweb.shtml 22
https://mail.miit.gov.cn/ 23
http://auto.sohu.com/ 24
http://licaishi.sina.com.cn/web/plan?fr=finance_top1 25
http://hy.qiye.gov.cn/ 26
http://news.qiye.gov.cn/list/news/ 27
http://www.miit.gov.cn/n1278117/index.html 28
http://www.11467.com/suzhou/ 29
http://hy.qiye.gov.cn/member/login.php 30
http://hy.qiye.gov.cn/member/register.php 31
http://travel.sohu.com/ 32
http://www.cqgs12315.cn/gzfw/xfjs/ 33
http://news.qiye.gov.cn/list/guoji/ 34
http://www.miit.gov.cn/n1146312/index.html 35
http://news.sohu.com/s2017/yidaiyilu/index.shtml 36
http://learning.sohu.com/ 37
http://news.qiye.gov.cn/list/guonei/ 38
http://fashion.sohu.com/ 39
http://i2.sinaimg.cn/dy/home/desktop/finance.exe 40
http://news.qiye.gov.cn/list/tourongzi/ 41
http://www.miit.gov.cn/n1146290/n1146397/c5605792/content.html 42
http://it.sohu.com/ 43
http://news.qiye.gov.cn/list/caijing/ 44
http://news.qiye.gov.cn/list/chanye/ 45
http://www.miit.gov.cn/n1146285/index.html 46
http://finance.sina.com.cn/stock/hkstock/ 47
http://news.qiye.gov.cn/list/zhengfu/ 48
http://www.miit.gov.cn/n1146290/n1146397/c5601039/content.html 49
http://miit.gov.cn/n1146290/index.html 50
http://www.cqgs.gov.cn/gzbs/xzspxm/34660.htm 51
http://www.miit.gov.cn/n1146290/n1146397/c5603260/content.html 52
http://finance.sina.com.cn/stock/usstock/ 53
http://news.qiye.gov.cn/list/buwei/ 54
http://www.cqgs.gov.cn/images/2008/wsbs2.htm 55
http://finance.sina.com.cn/fund/ 56
http://news.sohu.com/guoneixinwen.shtml 57
http://news.qiye.gov.cn/list/lingdao/ 58
http://www.miit.gov.cn/n1146290/n1146392/index.html 59
http://miit.gov.cn/n1146300/index.html 60
http://news.qiye.gov.cn/list/qiye/ 61
http://www.miit.gov.cn/n1146290/n1146397/index.html 62
http://history.sohu.com/?_f=v2-left-nav 63
http://news.sohu.com/guojixinwen.shtml 64
https://store.gf.com.cn/portal/ldy/ldythree/ld2?_gfsrc=sina_kh_00012_pc&channel=sina00012 65
